<?xml version="1.0" encoding="UTF-8"?>
<!-- Generated by org.testng.reporters.JUnitReportReporter -->
<testsuite hostname="BDC7-D-5TNNXH2" name="Test1.TestCase2" tests="1" failures="0" timestamp="4 Jul 2018 04:44:09 GMT" time="12.918" errors="0">
  <testcase name="testgithublogin" time="12.918" classname="Test1.TestCase2"/>
</testsuite> <!-- Test1.TestCase2 -->
